0 info it worked if it ends with ok
1 verbose cli [ 'C:\\Program Files\\nodejs\\node.exe',
1 verbose cli   'C:\\Program Files\\nodejs\\node_modules\\npm\\bin\\npm-cli.js',
1 verbose cli   'start' ]
2 info using npm@3.10.10
3 info using node@v6.11.0
4 verbose run-script [ 'prestart', 'start', 'poststart' ]
5 info lifecycle Zad2@1.0.0~prestart: Zad2@1.0.0
6 silly lifecycle Zad2@1.0.0~prestart: no script for prestart, continuing
7 info lifecycle Zad2@1.0.0~start: Zad2@1.0.0
8 verbose lifecycle Zad2@1.0.0~start: unsafe-perm in lifecycle true
9 verbose lifecycle Zad2@1.0.0~start: PATH: C:\Program Files\nodejs\node_modules\npm\bin\node-gyp-bin;x:\Moje dokumenty\Dokumenty Adama\Dokumenty PB\Semestr V - prace\JS\Zad2\node_modules\.bin;C:\Program Files (x86)\Common Files\Oracle\Java\javapath;C:\Program Files (x86)\PerkinElmerInformatics\ChemOffice2017\ChemScript\Lib;C:\ProgramData\Oracle\Java\javapath;C:\Program Files\Python 3.5\Scripts\;C:\Program Files\Python 3.5\;C:\Program Files (x86)\Embarcadero\Studio\18.0\bin;C:\Users\Public\Documents\Embarcadero\Studio\18.0\Bpl;C:\Program Files (x86)\Embarcadero\Studio\18.0\bin64;C:\Users\Public\Documents\Embarcadero\Studio\18.0\Bpl\Win64;C:\MinGW\bin;C:\Program Files (x86)\Atmel\AVR Tools\AVR Toolchain\bin;C:\Program Files (x86)\Common Files\Intel\Shared Files\cpp\bin\Intel64;C:\WINDOWS\system32;C:\WINDOWS;C:\WINDOWS\System32\Wbem;C:\WINDOWS\System32\WindowsPowerShell\v1.0\;C:\Program Files (x86)\ATI Technologies\ATI.ACE\Core-Static;C:\Program Files (x86)\Pinnacle\Shared Files\;C:\Program Files\Microsoft SQL Server\120\Tools\Binn\;C:\Program Files (x86)\Windows Kits\10\Windows Performance Toolkit\;C:\Program Files (x86)\AMD\ATI.ACE\Core-Static;C:\Program Files\Calibre2\;C:\Users\Admin\.dnx\bin;C:\Program Files\Microsoft DNX\Dnvm\;C:\Program Files\Common Files\Datawatch\Drivers\7.1.5\jre\bin;C:\Program Files\Common Files\Datawatch\Drivers\7.1.5\jre\bin\server;C:\Program Files (x86)\Skype\Phone\;C:\Program Files\doxygen\bin;C:\Program Files (x86)\Graphviz2.38\bin;C:\Program Files\nodejs\;C:\Program Files\PuTTY\;C:\Program Files (x86)\NVIDIA Corporation\PhysX\Common;C:\WINDOWS\system32;C:\WINDOWS;C:\WINDOWS\System32\Wbem;C:\WINDOWS\System32\WindowsPowerShell\v1.0\;C:\Program Files (x86)\Pandoc\;C:\WINDOWS\System32\OpenSSH\;C:\Program Files\GTK3-Runtime Win64\bin;C:\Program Files\Microsoft SQL Server\130\Tools\Binn\;C:\Strawberry\c\bin;C:\Strawberry\perl\site\bin;C:\Strawberry\perl\bin;C:\Program Files\Git\cmd;C:\Program Files\Microsoft VS Code\bin;C:\Go\bin;C:\Program Files\dotnet\;C:\Program Files (x86)\IncrediBuild;C:\Program Files (x86)\LyX 2.3\Perl\bin;C:\Ruby25-x64\bin;C:\Users\Admin\AppData\Local\Microsoft\WindowsApps;C:\Users\Admin\AppData\Roaming\npm;C:\Users\Admin\AppData\Local\Programs\MiKTeX 2.9\miktex\bin\x64\;C:\Users\Admin\AppData\Local\GitHubDesktop\bin;C:\Program Files\Microsoft VS Code\bin;C:\Users\Admin\AppData\Local\Microsoft\WindowsApps;X:\go\bin
10 verbose lifecycle Zad2@1.0.0~start: CWD: x:\Moje dokumenty\Dokumenty Adama\Dokumenty PB\Semestr V - prace\JS\Zad2
11 silly lifecycle Zad2@1.0.0~start: Args: [ '/d /s /c', 'lite-server' ]
12 silly lifecycle Zad2@1.0.0~start: Returned: code: 3221225786  signal: null
13 info lifecycle Zad2@1.0.0~start: Failed to exec start script
14 verbose stack Error: Zad2@1.0.0 start: `lite-server`
14 verbose stack Exit status 3221225786
14 verbose stack     at EventEmitter.<anonymous> (C:\Program Files\nodejs\node_modules\npm\lib\utils\lifecycle.js:255:16)
14 verbose stack     at emitTwo (events.js:106:13)
14 verbose stack     at EventEmitter.emit (events.js:191:7)
14 verbose stack     at ChildProcess.<anonymous> (C:\Program Files\nodejs\node_modules\npm\lib\utils\spawn.js:40:14)
14 verbose stack     at emitTwo (events.js:106:13)
14 verbose stack     at ChildProcess.emit (events.js:191:7)
14 verbose stack     at maybeClose (internal/child_process.js:891:16)
14 verbose stack     at Process.ChildProcess._handle.onexit (internal/child_process.js:226:5)
15 verbose pkgid Zad2@1.0.0
16 verbose cwd x:\Moje dokumenty\Dokumenty Adama\Dokumenty PB\Semestr V - prace\JS\Zad2
17 error Windows_NT 10.0.17763
18 error argv "C:\\Program Files\\nodejs\\node.exe" "C:\\Program Files\\nodejs\\node_modules\\npm\\bin\\npm-cli.js" "start"
19 error node v6.11.0
20 error npm  v3.10.10
21 error code ELIFECYCLE
22 error Zad2@1.0.0 start: `lite-server`
22 error Exit status 3221225786
23 error Failed at the Zad2@1.0.0 start script 'lite-server'.
23 error Make sure you have the latest version of node.js and npm installed.
23 error If you do, this is most likely a problem with the Zad2 package,
23 error not with npm itself.
23 error Tell the author that this fails on your system:
23 error     lite-server
23 error You can get information on how to open an issue for this project with:
23 error     npm bugs Zad2
23 error Or if that isn't available, you can get their info via:
23 error     npm owner ls Zad2
23 error There is likely additional logging output above.
24 verbose exit [ 1, true ]
